<?xml version="1.0" encoding="UTF-8"?>
<!-- Generated by org.testng.reporters.JUnitXMLReporter -->
<testsuite ignored="0" hostname="TXCHD-LAP-144" failures="0" tests="4" name="Default test" time="4.23" errors="0" timestamp="2021-07-22T18:25:12 IST">
  <testcase classname="files.DynamicJson" name="addbook" time="2.62"/>
  <testcase classname="files.DynamicJson" name="addbook" time="0.575"/>
  <testcase classname="files.DynamicJson" name="addbook" time="0.585"/>
  <testcase classname="files.DynamicJson" name="addbook" time="0.413"/>
</testsuite> <!-- Default test -->
