<?xml version="1.0" encoding="UTF-8"?>
<testng-results ignored="0" total="4" passed="4" failed="0" skipped="0">
  <reporter-output>
  </reporter-output>
  <suite started-at="2021-07-22T18:25:08 IST" name="Default suite" finished-at="2021-07-22T18:25:12 IST" duration-ms="4230">
    <groups>
    </groups>
    <test started-at="2021-07-22T18:25:08 IST" name="Default test" finished-at="2021-07-22T18:25:12 IST" duration-ms="4230">
      <class name="files.DynamicJson">
        <test-method signature="addbook(java.lang.String,java.lang.String)[pri:0, instance:files.DynamicJson@34f5090e]" started-at="2021-07-22T18:25:08 IST" name="addbook" data-provider="BooksData" finished-at="2021-07-22T18:25:10 IST" duration-ms="2620" status="PASS">
          <params>
            <param index="0">
              <value>
                <![CDATA[sjksdfa]]>
              </value>
            </param>
            <param index="1">
              <value>
                <![CDATA[24s32]]>
              </value>
            </param>
          </params>
          <reporter-output>
          </reporter-output>
        </test-method> <!-- addbook -->
        <test-method signature="addbook(java.lang.String,java.lang.String)[pri:0, instance:files.DynamicJson@34f5090e]" started-at="2021-07-22T18:25:10 IST" name="addbook" data-provider="BooksData" finished-at="2021-07-22T18:25:11 IST" duration-ms="575" status="PASS">
          <params>
            <param index="0">
              <value>
                <![CDATA[23sesf]]>
              </value>
            </param>
            <param index="1">
              <value>
                <![CDATA[23s2342]]>
              </value>
            </param>
          </params>
          <reporter-output>
          </reporter-output>
        </test-method> <!-- addbook -->
        <test-method signature="addbook(java.lang.String,java.lang.String)[pri:0, instance:files.DynamicJson@34f5090e]" started-at="2021-07-22T18:25:11 IST" name="addbook" data-provider="BooksData" finished-at="2021-07-22T18:25:12 IST" duration-ms="585" status="PASS">
          <params>
            <param index="0">
              <value>
                <![CDATA[ghskgg]]>
              </value>
            </param>
            <param index="1">
              <value>
                <![CDATA[24ss3234]]>
              </value>
            </param>
          </params>
          <reporter-output>
          </reporter-output>
        </test-method> <!-- addbook -->
        <test-method signature="addbook(java.lang.String,java.lang.String)[pri:0, instance:files.DynamicJson@34f5090e]" started-at="2021-07-22T18:25:12 IST" name="addbook" data-provider="BooksData" finished-at="2021-07-22T18:25:12 IST" duration-ms="413" status="PASS">
          <params>
            <param index="0">
              <value>
                <![CDATA[ghjhgj]]>
              </value>
            </param>
            <param index="1">
              <value>
                <![CDATA[34s2677]]>
              </value>
            </param>
          </params>
          <reporter-output>
          </reporter-output>
        </test-method> <!-- addbook -->
      </class> <!-- files.DynamicJson -->
    </test> <!-- Default test -->
  </suite> <!-- Default suite -->
</testng-results>
